[Mon, 13 Jul 20 09:54:23 +0900][INFO] FDSF
[Mon, 13 Jul 20 09:54:23 +0900][INFO] index
[Mon, 13 Jul 20 09:54:23 +0900][INFO] 
[Mon, 13 Jul 20 09:54:42 +0900][INFO] FDSF
[Mon, 13 Jul 20 09:54:42 +0900][INFO] index
[Mon, 13 Jul 20 09:54:42 +0900][INFO] 
[Mon, 13 Jul 20 09:54:42 +0900][INFO] ID
[Mon, 13 Jul 20 09:54:42 +0900][INFO] 00000000001
[Mon, 13 Jul 20 09:54:56 +0900][INFO] FDSF
[Mon, 13 Jul 20 09:54:56 +0900][INFO] index
[Mon, 13 Jul 20 09:54:56 +0900][INFO] 
[Mon, 13 Jul 20 09:54:56 +0900][INFO] ID
[Mon, 13 Jul 20 09:54:56 +0900][INFO] 00000000001
[Mon, 13 Jul 20 10:21:59 +0900][INFO] FDSF
[Mon, 13 Jul 20 10:21:59 +0900][INFO] detail
[Mon, 13 Jul 20 10:21:59 +0900][INFO] detail
[Mon, 13 Jul 20 10:21:59 +0900][INFO] 
[Mon, 13 Jul 20 10:22:00 +0900][INFO] 
[Mon, 13 Jul 20 10:22:08 +0900][INFO] FDSF
[Mon, 13 Jul 20 10:22:08 +0900][INFO] detail
[Mon, 13 Jul 20 10:22:08 +0900][INFO] 
[Mon, 13 Jul 20 10:22:29 +0900][INFO] FDSF
[Mon, 13 Jul 20 10:22:29 +0900][INFO] detail
[Mon, 13 Jul 20 10:22:29 +0900][INFO] 
[Mon, 13 Jul 20 10:22:32 +0900][INFO] FDSF
[Mon, 13 Jul 20 10:22:32 +0900][INFO] index
[Mon, 13 Jul 20 10:22:32 +0900][INFO] 
[Mon, 13 Jul 20 10:22:57 +0900][INFO] FDSF
[Mon, 13 Jul 20 10:22:57 +0900][INFO] index
[Mon, 13 Jul 20 10:22:57 +0900][INFO] 
[Mon, 13 Jul 20 10:26:17 +0900][INFO] FDSF
[Mon, 13 Jul 20 10:26:17 +0900][INFO] index
[Mon, 13 Jul 20 10:26:17 +0900][INFO] 
[Mon, 13 Jul 20 10:27:53 +0900][INFO] FDSF
[Mon, 13 Jul 20 10:27:53 +0900][INFO] index
[Mon, 13 Jul 20 10:27:53 +0900][INFO] 
[Mon, 13 Jul 20 10:28:17 +0900][INFO] FDSF
[Mon, 13 Jul 20 10:28:17 +0900][INFO] index
[Mon, 13 Jul 20 10:28:17 +0900][INFO] 
[Mon, 13 Jul 20 10:28:43 +0900][INFO] FDSF
[Mon, 13 Jul 20 10:28:43 +0900][INFO] index
[Mon, 13 Jul 20 10:28:43 +0900][INFO] 
[Mon, 13 Jul 20 10:30:04 +0900][INFO] FDSF
[Mon, 13 Jul 20 10:30:04 +0900][INFO] index
[Mon, 13 Jul 20 10:30:04 +0900][INFO] 
[Mon, 13 Jul 20 10:31:07 +0900][INFO] FDSF
[Mon, 13 Jul 20 10:31:07 +0900][INFO] index
[Mon, 13 Jul 20 10:31:07 +0900][INFO] 
[Mon, 13 Jul 20 10:34:22 +0900][INFO] FDSF
[Mon, 13 Jul 20 10:34:22 +0900][INFO] index
[Mon, 13 Jul 20 10:34:22 +0900][INFO] 
[Mon, 13 Jul 20 10:34:29 +0900][INFO] FDSF
[Mon, 13 Jul 20 10:34:29 +0900][INFO] index
[Mon, 13 Jul 20 10:34:29 +0900][INFO] 
[Mon, 13 Jul 20 10:37:03 +0900][INFO] FDSF
[Mon, 13 Jul 20 10:37:03 +0900][INFO] index
[Mon, 13 Jul 20 10:37:03 +0900][INFO] 
[Mon, 13 Jul 20 10:38:20 +0900][INFO] FDSF
[Mon, 13 Jul 20 10:38:20 +0900][INFO] detail
[Mon, 13 Jul 20 10:38:20 +0900][INFO] 
[Mon, 13 Jul 20 10:38:35 +0900][INFO] FDSF
[Mon, 13 Jul 20 10:38:35 +0900][INFO] index
[Mon, 13 Jul 20 10:38:35 +0900][INFO] 
[Mon, 13 Jul 20 10:45:17 +0900][INFO] FDSF
[Mon, 13 Jul 20 10:45:17 +0900][INFO] insert
[Mon, 13 Jul 20 10:45:17 +0900][INFO] 
[Mon, 13 Jul 20 10:45:18 +0900][INFO] FDSF
[Mon, 13 Jul 20 10:45:18 +0900][INFO] detail
[Mon, 13 Jul 20 10:45:18 +0900][INFO] 
[Mon, 13 Jul 20 10:45:26 +0900][INFO] FDSF
[Mon, 13 Jul 20 10:45:26 +0900][INFO] index
[Mon, 13 Jul 20 10:45:26 +0900][INFO] 
[Mon, 13 Jul 20 10:45:29 +0900][INFO] FDSF
[Mon, 13 Jul 20 10:45:29 +0900][INFO] detail
[Mon, 13 Jul 20 10:45:29 +0900][INFO] 
[Mon, 13 Jul 20 10:45:32 +0900][INFO] FDSF
[Mon, 13 Jul 20 10:45:32 +0900][INFO] index
[Mon, 13 Jul 20 10:45:32 +0900][INFO] 
[Mon, 13 Jul 20 10:45:34 +0900][INFO] FDSF
[Mon, 13 Jul 20 10:45:34 +0900][INFO] detail
[Mon, 13 Jul 20 10:45:34 +0900][INFO] 
[Mon, 13 Jul 20 10:46:09 +0900][INFO] FDSF
[Mon, 13 Jul 20 10:46:09 +0900][INFO] index
[Mon, 13 Jul 20 10:46:09 +0900][INFO] 
[Mon, 13 Jul 20 10:46:15 +0900][INFO] FDSF
[Mon, 13 Jul 20 10:46:15 +0900][INFO] insert
[Mon, 13 Jul 20 10:46:15 +0900][INFO] 
[Mon, 13 Jul 20 10:46:30 +0900][INFO] FDSF
[Mon, 13 Jul 20 10:46:30 +0900][INFO] index
[Mon, 13 Jul 20 10:46:30 +0900][INFO] 
[Mon, 13 Jul 20 10:49:07 +0900][INFO] FDSF
[Mon, 13 Jul 20 10:49:07 +0900][INFO] index
[Mon, 13 Jul 20 10:49:07 +0900][INFO] 
[Mon, 13 Jul 20 10:49:26 +0900][INFO] FDSF
[Mon, 13 Jul 20 10:49:26 +0900][INFO] index
[Mon, 13 Jul 20 10:49:26 +0900][INFO] 
[Mon, 13 Jul 20 10:49:33 +0900][INFO] FDSF
[Mon, 13 Jul 20 10:49:33 +0900][INFO] insert
[Mon, 13 Jul 20 10:49:33 +0900][INFO] 
[Mon, 13 Jul 20 10:49:45 +0900][INFO] FDSF
[Mon, 13 Jul 20 10:49:45 +0900][INFO] index
[Mon, 13 Jul 20 10:49:45 +0900][INFO] 
[Mon, 13 Jul 20 10:54:43 +0900][INFO] FDSF
[Mon, 13 Jul 20 10:54:43 +0900][INFO] insert
[Mon, 13 Jul 20 10:54:43 +0900][INFO] 
[Mon, 13 Jul 20 10:54:58 +0900][INFO] FDSF
[Mon, 13 Jul 20 10:54:58 +0900][INFO] index
[Mon, 13 Jul 20 10:54:58 +0900][INFO] 
[Mon, 13 Jul 20 10:55:23 +0900][INFO] FDSF
[Mon, 13 Jul 20 10:55:23 +0900][INFO] fileUpload
[Mon, 13 Jul 20 10:55:23 +0900][INFO] 
[Mon, 13 Jul 20 10:55:27 +0900][INFO] FDSF
[Mon, 13 Jul 20 10:55:27 +0900][INFO] insert
[Mon, 13 Jul 20 10:55:27 +0900][INFO] 
[Mon, 13 Jul 20 10:55:28 +0900][INFO] FDSF
[Mon, 13 Jul 20 10:55:28 +0900][INFO] detail
[Mon, 13 Jul 20 10:55:28 +0900][INFO] 
[Mon, 13 Jul 20 10:57:46 +0900][INFO] FDSF
[Mon, 13 Jul 20 10:57:46 +0900][INFO] detail
[Mon, 13 Jul 20 10:57:46 +0900][INFO] 
[Mon, 13 Jul 20 10:57:52 +0900][INFO] FDSF
[Mon, 13 Jul 20 10:57:52 +0900][INFO] detail
[Mon, 13 Jul 20 10:57:52 +0900][INFO] 
[Mon, 13 Jul 20 10:57:56 +0900][INFO] FDSF
[Mon, 13 Jul 20 10:57:56 +0900][INFO] detail
[Mon, 13 Jul 20 10:57:56 +0900][INFO] 
[Mon, 13 Jul 20 10:58:01 +0900][INFO] FDSF
[Mon, 13 Jul 20 10:58:01 +0900][INFO] detail
[Mon, 13 Jul 20 10:58:01 +0900][INFO] 
[Mon, 13 Jul 20 20:11:21 +0900][INFO] FDSF
[Mon, 13 Jul 20 20:11:21 +0900][INFO] index
[Mon, 13 Jul 20 20:11:21 +0900][INFO] 
[Mon, 13 Jul 20 20:11:34 +0900][INFO] FDSF
[Mon, 13 Jul 20 20:11:34 +0900][INFO] detail
[Mon, 13 Jul 20 20:11:34 +0900][INFO] FDSF
[Mon, 13 Jul 20 20:11:34 +0900][INFO] detail
[Mon, 13 Jul 20 20:11:34 +0900][INFO] 
[Mon, 13 Jul 20 20:11:46 +0900][INFO] 
[Mon, 13 Jul 20 20:11:53 +0900][INFO] FDSF
[Mon, 13 Jul 20 20:11:53 +0900][INFO] index
[Mon, 13 Jul 20 20:11:53 +0900][INFO] 
[Mon, 13 Jul 20 20:11:54 +0900][INFO] FDSF
[Mon, 13 Jul 20 20:11:54 +0900][INFO] detail
[Mon, 13 Jul 20 20:11:54 +0900][INFO] 
